[2023-08-07T10:46:51.311Z] undefined [31merror[39m: uncaughtException: password authentication failed for user "username"
error: password authentication failed for user "username"
    at Parser.parseErrorMessage (/home/sneha/backend/node_modules/pg-protocol/dist/parser.js:287:98)
    at Parser.handlePacket (/home/sneha/backend/node_modules/pg-protocol/dist/parser.js:126:29)
    at Parser.parse (/home/sneha/backend/node_modules/pg-protocol/dist/parser.js:39:38)
    at Socket.<anonymous> (/home/sneha/backend/node_modules/pg-protocol/dist/index.js:11:42)
    at Socket.emit (node:events:514:28)
    at addChunk (node:internal/streams/readable:324:12)
    at readableAddChunk (node:internal/streams/readable:297:9)
    at Readable.push (node:internal/streams/readable:234:10)
    at TCP.onStreamRead (node:internal/stream_base_commons:190:23)
[2023-08-07T10:47:29.931Z] undefined [31merror[39m: uncaughtException: password authentication failed for user "username"
error: password authentication failed for user "username"
    at Parser.parseErrorMessage (/home/sneha/backend/node_modules/pg-protocol/dist/parser.js:287:98)
    at Parser.handlePacket (/home/sneha/backend/node_modules/pg-protocol/dist/parser.js:126:29)
    at Parser.parse (/home/sneha/backend/node_modules/pg-protocol/dist/parser.js:39:38)
    at Socket.<anonymous> (/home/sneha/backend/node_modules/pg-protocol/dist/index.js:11:42)
    at Socket.emit (node:events:514:28)
    at addChunk (node:internal/streams/readable:324:12)
    at readableAddChunk (node:internal/streams/readable:297:9)
    at Readable.push (node:internal/streams/readable:234:10)
    at TCP.onStreamRead (node:internal/stream_base_commons:190:23)
[2023-08-07T10:48:43.430Z] undefined [31merror[39m: uncaughtException: password authentication failed for user "username"
error: password authentication failed for user "username"
    at Parser.parseErrorMessage (/home/sneha/backend/node_modules/pg-protocol/dist/parser.js:287:98)
    at Parser.handlePacket (/home/sneha/backend/node_modules/pg-protocol/dist/parser.js:126:29)
    at Parser.parse (/home/sneha/backend/node_modules/pg-protocol/dist/parser.js:39:38)
    at Socket.<anonymous> (/home/sneha/backend/node_modules/pg-protocol/dist/index.js:11:42)
    at Socket.emit (node:events:514:28)
    at addChunk (node:internal/streams/readable:324:12)
    at readableAddChunk (node:internal/streams/readable:297:9)
    at Readable.push (node:internal/streams/readable:234:10)
    at TCP.onStreamRead (node:internal/stream_base_commons:190:23)
[2023-08-07T11:00:32.020Z] undefined [31merror[39m: uncaughtException: password authentication failed for user "username"
error: password authentication failed for user "username"
    at Parser.parseErrorMessage (/home/sneha/backend/node_modules/pg-protocol/dist/parser.js:287:98)
    at Parser.handlePacket (/home/sneha/backend/node_modules/pg-protocol/dist/parser.js:126:29)
    at Parser.parse (/home/sneha/backend/node_modules/pg-protocol/dist/parser.js:39:38)
    at Socket.<anonymous> (/home/sneha/backend/node_modules/pg-protocol/dist/index.js:11:42)
    at Socket.emit (node:events:514:28)
    at addChunk (node:internal/streams/readable:324:12)
    at readableAddChunk (node:internal/streams/readable:297:9)
    at Readable.push (node:internal/streams/readable:234:10)
    at TCP.onStreamRead (node:internal/stream_base_commons:190:23)
[2023-08-07T11:05:58.428Z] undefined [31merror[39m: uncaughtException: password authentication failed for user "username"
error: password authentication failed for user "username"
    at Parser.parseErrorMessage (/home/sneha/backend/node_modules/pg-protocol/dist/parser.js:287:98)
    at Parser.handlePacket (/home/sneha/backend/node_modules/pg-protocol/dist/parser.js:126:29)
    at Parser.parse (/home/sneha/backend/node_modules/pg-protocol/dist/parser.js:39:38)
    at Socket.<anonymous> (/home/sneha/backend/node_modules/pg-protocol/dist/index.js:11:42)
    at Socket.emit (node:events:514:28)
    at addChunk (node:internal/streams/readable:324:12)
    at readableAddChunk (node:internal/streams/readable:297:9)
    at Readable.push (node:internal/streams/readable:234:10)
    at TCP.onStreamRead (node:internal/stream_base_commons:190:23)
[2023-08-07T11:10:14.947Z] undefined [31merror[39m: uncaughtException: password authentication failed for user "username"
error: password authentication failed for user "username"
    at Parser.parseErrorMessage (/home/sneha/backend/node_modules/pg-protocol/dist/parser.js:287:98)
    at Parser.handlePacket (/home/sneha/backend/node_modules/pg-protocol/dist/parser.js:126:29)
    at Parser.parse (/home/sneha/backend/node_modules/pg-protocol/dist/parser.js:39:38)
    at Socket.<anonymous> (/home/sneha/backend/node_modules/pg-protocol/dist/index.js:11:42)
    at Socket.emit (node:events:514:28)
    at addChunk (node:internal/streams/readable:324:12)
    at readableAddChunk (node:internal/streams/readable:297:9)
    at Readable.push (node:internal/streams/readable:234:10)
    at TCP.onStreamRead (node:internal/stream_base_commons:190:23)
[2023-08-07T11:11:39.920Z] undefined [31merror[39m: uncaughtException: password authentication failed for user "username"
error: password authentication failed for user "username"
    at Parser.parseErrorMessage (/home/sneha/backend/node_modules/pg-protocol/dist/parser.js:287:98)
    at Parser.handlePacket (/home/sneha/backend/node_modules/pg-protocol/dist/parser.js:126:29)
    at Parser.parse (/home/sneha/backend/node_modules/pg-protocol/dist/parser.js:39:38)
    at Socket.<anonymous> (/home/sneha/backend/node_modules/pg-protocol/dist/index.js:11:42)
    at Socket.emit (node:events:514:28)
    at addChunk (node:internal/streams/readable:324:12)
    at readableAddChunk (node:internal/streams/readable:297:9)
    at Readable.push (node:internal/streams/readable:234:10)
    at TCP.onStreamRead (node:internal/stream_base_commons:190:23)
[2023-08-07T11:12:37.278Z] undefined [31merror[39m: uncaughtException: password authentication failed for user "username"
error: password authentication failed for user "username"
    at Parser.parseErrorMessage (/home/sneha/backend/node_modules/pg-protocol/dist/parser.js:287:98)
    at Parser.handlePacket (/home/sneha/backend/node_modules/pg-protocol/dist/parser.js:126:29)
    at Parser.parse (/home/sneha/backend/node_modules/pg-protocol/dist/parser.js:39:38)
    at Socket.<anonymous> (/home/sneha/backend/node_modules/pg-protocol/dist/index.js:11:42)
    at Socket.emit (node:events:514:28)
    at addChunk (node:internal/streams/readable:324:12)
    at readableAddChunk (node:internal/streams/readable:297:9)
    at Readable.push (node:internal/streams/readable:234:10)
    at TCP.onStreamRead (node:internal/stream_base_commons:190:23)
[2023-08-07T11:13:55.471Z] undefined [31merror[39m: uncaughtException: password authentication failed for user "username"
error: password authentication failed for user "username"
    at Parser.parseErrorMessage (/home/sneha/backend/node_modules/pg-protocol/dist/parser.js:287:98)
    at Parser.handlePacket (/home/sneha/backend/node_modules/pg-protocol/dist/parser.js:126:29)
    at Parser.parse (/home/sneha/backend/node_modules/pg-protocol/dist/parser.js:39:38)
    at Socket.<anonymous> (/home/sneha/backend/node_modules/pg-protocol/dist/index.js:11:42)
    at Socket.emit (node:events:514:28)
    at addChunk (node:internal/streams/readable:324:12)
    at readableAddChunk (node:internal/streams/readable:297:9)
    at Readable.push (node:internal/streams/readable:234:10)
    at TCP.onStreamRead (node:internal/stream_base_commons:190:23)
[2023-08-07T11:14:53.711Z] undefined [31merror[39m: uncaughtException: password authentication failed for user "username"
error: password authentication failed for user "username"
    at Parser.parseErrorMessage (/home/sneha/backend/node_modules/pg-protocol/dist/parser.js:287:98)
    at Parser.handlePacket (/home/sneha/backend/node_modules/pg-protocol/dist/parser.js:126:29)
    at Parser.parse (/home/sneha/backend/node_modules/pg-protocol/dist/parser.js:39:38)
    at Socket.<anonymous> (/home/sneha/backend/node_modules/pg-protocol/dist/index.js:11:42)
    at Socket.emit (node:events:514:28)
    at addChunk (node:internal/streams/readable:324:12)
    at readableAddChunk (node:internal/streams/readable:297:9)
    at Readable.push (node:internal/streams/readable:234:10)
    at TCP.onStreamRead (node:internal/stream_base_commons:190:23)
